0 info it worked if it ends with ok
1 verbose cli [ 'C:\\Program Files\\nodejs\\node.exe',
1 verbose cli   'C:\\Program Files\\nodejs\\node_modules\\npm\\bin\\npm-cli.js',
1 verbose cli   'run',
1 verbose cli   'g-push' ]
2 info using npm@2.14.20
3 info using node@v4.4.1
4 verbose run-script [ 'preg-push', 'g-push', 'postg-push' ]
5 info preg-push repository-warden@1.0.1
6 info g-push repository-warden@1.0.1
7 verbose unsafe-perm in lifecycle true
8 info repository-warden@1.0.1 Failed to exec g-push script
9 verbose stack Error: repository-warden@1.0.1 g-push: `git push`
9 verbose stack Exit status 128
9 verbose stack     at EventEmitter.<anonymous> (C:\Program Files\nodejs\node_modules\npm\lib\utils\lifecycle.js:214:16)
9 verbose stack     at emitTwo (events.js:87:13)
9 verbose stack     at EventEmitter.emit (events.js:172:7)
9 verbose stack     at ChildProcess.<anonymous> (C:\Program Files\nodejs\node_modules\npm\lib\utils\spawn.js:24:14)
9 verbose stack     at emitTwo (events.js:87:13)
9 verbose stack     at ChildProcess.emit (events.js:172:7)
9 verbose stack     at maybeClose (internal/child_process.js:827:16)
9 verbose stack     at Process.ChildProcess._handle.onexit (internal/child_process.js:211:5)
10 verbose pkgid repository-warden@1.0.1
11 verbose cwd D:\Data\Repositories\warden
12 error Windows_NT 10.0.10586
13 error argv "C:\\Program Files\\nodejs\\node.exe" "C:\\Program Files\\nodejs\\node_modules\\npm\\bin\\npm-cli.js" "run" "g-push"
14 error node v4.4.1
15 error npm  v2.14.20
16 error code ELIFECYCLE
17 error repository-warden@1.0.1 g-push: `git push`
17 error Exit status 128
18 error Failed at the repository-warden@1.0.1 g-push script 'git push'.
18 error This is most likely a problem with the repository-warden package,
18 error not with npm itself.
18 error Tell the author that this fails on your system:
18 error     git push
18 error You can get information on how to open an issue for this project with:
18 error     npm bugs repository-warden
18 error Or if that isn't available, you can get their info via:
18 error
18 error     npm owner ls repository-warden
18 error There is likely additional logging output above.
19 verbose exit [ 1, true ]
